=/pretest.json
{
  _: [],
  f: [
    '/home/runner/work/exp-hashtables-iiith/exp-hashtables-iiith/experiment/pretest.json'
  ],
  files: [
    '/home/runner/work/exp-hashtables-iiith/exp-hashtables-iiith/experiment/pretest.json'
  ],
  c: 'assessment',
  contentTypes: 'assessment',
  'content-types': 'assessment',
  '$0': 'validate'
}
Validated true
=/hash-tables/hash-tables-quiz.json
{
  _: [],
  f: [
    '/home/runner/work/exp-hashtables-iiith/exp-hashtables-iiith/experiment/hash-tables/hash-tables-quiz.json'
  ],
  files: [
    '/home/runner/work/exp-hashtables-iiith/exp-hashtables-iiith/experiment/hash-tables/hash-tables-quiz.json'
  ],
  c: 'assessment',
  contentTypes: 'assessment',
  'content-types': 'assessment',
  '$0': 'validate'
}
Validated true
=/collision-resolution/collision-resolution-quiz.json
{
  _: [],
  f: [
    '/home/runner/work/exp-hashtables-iiith/exp-hashtables-iiith/experiment/collision-resolution/collision-resolution-quiz.json'
  ],
  files: [
    '/home/runner/work/exp-hashtables-iiith/exp-hashtables-iiith/experiment/collision-resolution/collision-resolution-quiz.json'
  ],
  c: 'assessment',
  contentTypes: 'assessment',
  'content-types': 'assessment',
  '$0': 'validate'
}
Validated true
=/linear-probing/linear-probing-quiz.json
{
  _: [],
  f: [
    '/home/runner/work/exp-hashtables-iiith/exp-hashtables-iiith/experiment/linear-probing/linear-probing-quiz.json'
  ],
  files: [
    '/home/runner/work/exp-hashtables-iiith/exp-hashtables-iiith/experiment/linear-probing/linear-probing-quiz.json'
  ],
  c: 'assessment',
  contentTypes: 'assessment',
  'content-types': 'assessment',
  '$0': 'validate'
}
Validated true
=/quadratic-probing/quadratic-probing-quiz.json
{
  _: [],
  f: [
    '/home/runner/work/exp-hashtables-iiith/exp-hashtables-iiith/experiment/quadratic-probing/quadratic-probing-quiz.json'
  ],
  files: [
    '/home/runner/work/exp-hashtables-iiith/exp-hashtables-iiith/experiment/quadratic-probing/quadratic-probing-quiz.json'
  ],
  c: 'assessment',
  contentTypes: 'assessment',
  'content-types': 'assessment',
  '$0': 'validate'
}
Validated true
=/double-hashing/double-hashing.json
{
  _: [],
  f: [
    '/home/runner/work/exp-hashtables-iiith/exp-hashtables-iiith/experiment/double-hashing/double-hashing.json'
  ],
  files: [
    '/home/runner/work/exp-hashtables-iiith/exp-hashtables-iiith/experiment/double-hashing/double-hashing.json'
  ],
  c: 'assessment',
  contentTypes: 'assessment',
  'content-types': 'assessment',
  '$0': 'validate'
}
Validated true
=/posttest.json
{
  _: [],
  f: [
    '/home/runner/work/exp-hashtables-iiith/exp-hashtables-iiith/experiment/posttest.json'
  ],
  files: [
    '/home/runner/work/exp-hashtables-iiith/exp-hashtables-iiith/experiment/posttest.json'
  ],
  c: 'assessment',
  contentTypes: 'assessment',
  'content-types': 'assessment',
  '$0': 'validate'
}
Validated true
