code-assessment.html     http://outreach.vlabs.ac.in/
feedback.html     http://outreach.vlabs.ac.in/
further-reading-and-references.html     http://outreach.vlabs.ac.in/
index.html     http://outreach.vlabs.ac.in/
overview.html     http://outreach.vlabs.ac.in/
performance-report.html     http://vlab.co.in
posttest.html     http://outreach.vlabs.ac.in/
pretest.html     http://outreach.vlabs.ac.in/
recap.html     http://outreach.vlabs.ac.in/
validator-report.html     http://vlab.co.in
collision-resolution/collision-resolution-quiz.html     http://outreach.vlabs.ac.in/
collision-resolution/index.html     http://outreach.vlabs.ac.in/
collision-resolution/open-addressing.html     http://outreach.vlabs.ac.in/
collision-resolution/overview.html     http://outreach.vlabs.ac.in/
collision-resolution/seperate-chaining.html     http://outreach.vlabs.ac.in/
double-hashing/double-hashing.html     http://outreach.vlabs.ac.in/
double-hashing/index.html     http://outreach.vlabs.ac.in/
double-hashing/overview.html     http://outreach.vlabs.ac.in/
hash-tables/hash-tables-operations.html     http://outreach.vlabs.ac.in/
hash-tables/hash-tables-quiz.html     http://outreach.vlabs.ac.in/
hash-tables/index.html     http://outreach.vlabs.ac.in/
hash-tables/overview.html     http://outreach.vlabs.ac.in/
linear-probing/index.html     http://outreach.vlabs.ac.in/
linear-probing/introduction-to-linear-probing.html     http://outreach.vlabs.ac.in/
linear-probing/linear-probing-quiz.html     http://outreach.vlabs.ac.in/
linear-probing/overview.html     http://outreach.vlabs.ac.in/
quadratic-probing/index.html     http://outreach.vlabs.ac.in/
quadratic-probing/overview.html     http://outreach.vlabs.ac.in/
quadratic-probing/quadratic-probing-quiz.html     http://outreach.vlabs.ac.in/
